<?xml version="1.0" encoding="UTF-8"?>
<testsuite xmlns:xsi="http://www.w3.org/2001/XMLSchema-instance" xsi:noNamespaceSchemaLocation="https://maven.apache.org/surefire/maven-surefire-plugin/xsd/surefire-test-report-3.0.xsd" version="3.0" name="TestePersistence" time="1.377" tests="4" errors="0" skipped="0" failures="0">
  <properties>
[...]
</properties>
  <testcase name="testPersistQuarto" classname="TestePersistence" time="0.021">
    <system-out><![CDATA[Hibernate: alter table cliente drop constraint FKa710hls1tg15o3d4ok5biathy
Hibernate: alter table funcionario drop constraint FKpjvvctvfjm69dvye3aea5k56f
Hibernate: alter table reserva drop constraint FK7cg2jiyn5cf6f6elccvb6963k
Hibernate: alter table reserva drop constraint FKll90wdpmqcpwh6car9093ehxy
Hibernate: drop table if exists cliente cascade
Hibernate: drop table if exists funcionario cascade
Hibernate: drop table if exists pessoa cascade
Hibernate: drop table if exists quarto cascade
Hibernate: drop table if exists reserva cascade
Hibernate: create table cliente (id int4 not null, primary key (id))
Hibernate: create table funcionario (cargo varchar(50), salario float8, id int4 not null, primary key (id))
Hibernate: create table pessoa (id  serial not null, cpf varchar(11), email varchar(100), nome varchar(100) not null, telefone varchar(15), primary key (id))
Hibernate: create table quarto (id  serial not null, disponibilidade boolean not null, numero int4 not null, preco float8 not null, tipo varchar(50) not null, primary key (id))
Hibernate: create table reserva (id  serial not null, data_fim date not null, data_inicio date not null, status varchar(20), cliente_id int4, quarto_id int4, primary key (id))
Hibernate: alter table pessoa add constraint UK_nlwiu48rutiltbnjle59krljo unique (cpf)
Hibernate: alter table quarto add constraint UK_iyu0q2cr6fdbn5k2uy94td3oi unique (numero)
Hibernate: alter table cliente add constraint FKa710hls1tg15o3d4ok5biathy foreign key (id) references pessoa
Hibernate: alter table funcionario add constraint FKpjvvctvfjm69dvye3aea5k56f foreign key (id) references pessoa
Hibernate: alter table reserva add constraint FK7cg2jiyn5cf6f6elccvb6963k foreign key (cliente_id) references cliente
Hibernate: alter table reserva add constraint FKll90wdpmqcpwh6car9093ehxy foreign key (quarto_id) references quarto
Hibernate: insert into quarto (disponibilidade, numero, preco, tipo) values (?, ?, ?, ?)
]]></system-out>
    <system-err><![CDATA[nov. 06, 2024 9:49:41 PM org.hibernate.ejb.HibernatePersistence logDeprecation
WARN: HHH015016: Encountered a deprecated javax.persistence.spi.PersistenceProvider [org.hibernate.ejb.HibernatePersistence]; use [org.hibernate.jpa.HibernatePersistenceProvider] instead.
nov. 06, 2024 9:49:41 PM org.hibernate.ejb.HibernatePersistence logDeprecation
WARN: HHH015016: Encountered a deprecated javax.persistence.spi.PersistenceProvider [org.hibernate.ejb.HibernatePersistence]; use [org.hibernate.jpa.HibernatePersistenceProvider] instead.
nov. 06, 2024 9:49:41 PM org.hibernate.jpa.internal.util.LogHelper logPersistenceUnitInformation
INFO: HHH000204: Processing PersistenceUnitInfo [
	name: com.mycompany_ProjetoLPOOE1_BernardoBurin_jar_1.0-SNAPSHOTPU
	...]
nov. 06, 2024 9:49:41 PM org.hibernate.Version logVersion
INFO: HHH000412: Hibernate Core {5.3.3.Final}
nov. 06, 2024 9:49:41 PM org.hibernate.cfg.Environment <clinit>
INFO: HHH000206: hibernate.properties not found
nov. 06, 2024 9:49:41 PM org.hibernate.annotations.common.reflection.java.JavaReflectionManager <clinit>
INFO: HCANN000001: Hibernate Commons Annotations {5.0.4.Final}
nov. 06, 2024 9:49:41 PM org.hibernate.engine.jdbc.connections.internal.DriverManagerConnectionProviderImpl configure
WARN: HHH10001002: Using Hibernate built-in connection pool (not for production use!)
nov. 06, 2024 9:49:41 PM org.hibernate.engine.jdbc.connections.internal.DriverManagerConnectionProviderImpl buildCreator
INFO: HHH10001005: using driver [org.postgresql.Driver] at URL [jdbc:postgresql://localhost:5432/ProjetoLPOOE1_BernardoBurin]
nov. 06, 2024 9:49:41 PM org.hibernate.engine.jdbc.connections.internal.DriverManagerConnectionProviderImpl buildCreator
INFO: HHH10001001: Connection properties: {user=postgres, password=****}
nov. 06, 2024 9:49:41 PM org.hibernate.engine.jdbc.connections.internal.DriverManagerConnectionProviderImpl buildCreator
INFO: HHH10001003: Autocommit mode: false
nov. 06, 2024 9:49:41 PM org.hibernate.engine.jdbc.connections.internal.DriverManagerConnectionProviderImpl$PooledConnections <init>
INFO: HHH000115: Hibernate connection pool size: 20 (min=1)
nov. 06, 2024 9:49:42 PM org.hibernate.dialect.Dialect <init>
INFO: HHH000400: Using dialect: org.hibernate.dialect.PostgreSQLDialect
nov. 06, 2024 9:49:42 PM org.hibernate.engine.jdbc.env.internal.LobCreatorBuilderImpl useContextualLobCreation
INFO: HHH000424: Disabling contextual LOB creation as createClob() method threw error : java.lang.reflect.InvocationTargetException
nov. 06, 2024 9:49:42 PM org.hibernate.type.BasicTypeRegistry register
INFO: HHH000270: Type registration [java.util.UUID] overrides previous : org.hibernate.type.UUIDBinaryType@7957dc72
nov. 06, 2024 9:49:42 PM org.hibernate.resource.transaction.backend.jdbc.internal.DdlTransactionIsolatorNonJtaImpl getIsolatedConnection
INFO: HHH10001501: Connection obtained from JdbcConnectionAccess [org.hibernate.engine.jdbc.env.internal.JdbcEnvironmentInitiator$ConnectionProviderJdbcConnectionAccess@18f55704] for (non-JTA) DDL execution was not in auto-commit mode; the Connection 'local transaction' will be committed and the Connection will be set into auto-commit mode.
nov. 06, 2024 9:49:42 PM org.hibernate.resource.transaction.backend.jdbc.internal.DdlTransactionIsolatorNonJtaImpl getIsolatedConnection
INFO: HHH10001501: Connection obtained from JdbcConnectionAccess [org.hibernate.engine.jdbc.env.internal.JdbcEnvironmentInitiator$ConnectionProviderJdbcConnectionAccess@433c6abb] for (non-JTA) DDL execution was not in auto-commit mode; the Connection 'local transaction' will be committed and the Connection will be set into auto-commit mode.
nov. 06, 2024 9:49:42 PM org.hibernate.tool.schema.internal.SchemaCreatorImpl applyImportSources
INFO: HHH000476: Executing import script 'org.hibernate.tool.schema.internal.exec.ScriptSourceInputNonExistentImpl@2440022a'
]]></system-err>
  </testcase>
  <testcase name="testPersistFuncionario" classname="TestePersistence" time="0.004">
    <system-out><![CDATA[Hibernate: insert into pessoa (cpf, email, nome, telefone) values (?, ?, ?, ?)
Hibernate: insert into funcionario (cargo, salario, id) values (?, ?, ?)
]]></system-out>
  </testcase>
  <testcase name="testPersistCliente" classname="TestePersistence" time="0.003">
    <system-out><![CDATA[Hibernate: insert into pessoa (cpf, email, nome, telefone) values (?, ?, ?, ?)
Hibernate: insert into cliente (id) values (?)
]]></system-out>
  </testcase>
  <testcase name="testPersistReserva" classname="TestePersistence" time="0.006">
    <system-out><![CDATA[Hibernate: insert into pessoa (cpf, email, nome, telefone) values (?, ?, ?, ?)
Hibernate: insert into cliente (id) values (?)
Hibernate: insert into quarto (disponibilidade, numero, preco, tipo) values (?, ?, ?, ?)
Hibernate: insert into reserva (cliente_id, data_fim, data_inicio, quarto_id, status) values (?, ?, ?, ?, ?)
]]></system-out>
  </testcase>
</testsuite>